mode: atomic
github.com/sigilauth/relay/internal/pictogram/pictogram.go:23.56,24.31 1 6
github.com/sigilauth/relay/internal/pictogram/pictogram.go:24.31,26.3 1 2
github.com/sigilauth/relay/internal/pictogram/pictogram.go:29.2,41.30 4 4
github.com/sigilauth/relay/internal/pictogram/pictogram.go:41.30,43.3 1 20
github.com/sigilauth/relay/internal/pictogram/pictogram.go:45.2,45.23 1 4
github.com/sigilauth/relay/internal/pictogram/pictogram.go:50.43,51.25 1 6
github.com/sigilauth/relay/internal/pictogram/pictogram.go:51.25,53.3 1 1
github.com/sigilauth/relay/internal/pictogram/pictogram.go:55.2,56.38 2 5
github.com/sigilauth/relay/internal/pictogram/pictogram.go:56.38,58.3 1 16
github.com/sigilauth/relay/internal/pictogram/pictogram.go:59.2,59.15 1 5
github.com/sigilauth/relay/internal/push/apns/provider.go:21.85,24.16 2 4
github.com/sigilauth/relay/internal/push/apns/provider.go:24.16,26.3 1 1
github.com/sigilauth/relay/internal/push/apns/provider.go:29.2,30.18 2 3
github.com/sigilauth/relay/internal/push/apns/provider.go:30.18,32.3 1 0
github.com/sigilauth/relay/internal/push/apns/provider.go:35.2,36.16 2 3
github.com/sigilauth/relay/internal/push/apns/provider.go:36.16,38.3 1 0
github.com/sigilauth/relay/internal/push/apns/provider.go:40.2,41.9 2 3
github.com/sigilauth/relay/internal/push/apns/provider.go:41.9,43.3 1 0
github.com/sigilauth/relay/internal/push/apns/provider.go:46.2,54.16 3 3
github.com/sigilauth/relay/internal/push/apns/provider.go:54.16,56.3 1 1
github.com/sigilauth/relay/internal/push/apns/provider.go:56.8,58.3 1 2
github.com/sigilauth/relay/internal/push/apns/provider.go:60.2,60.39 1 3
github.com/sigilauth/relay/internal/push/apns/provider.go:64.88,71.16 3 0
github.com/sigilauth/relay/internal/push/apns/provider.go:71.16,73.3 1 0
github.com/sigilauth/relay/internal/push/apns/provider.go:76.2,76.27 1 0
github.com/sigilauth/relay/internal/push/apns/provider.go:76.27,80.53 1 0
github.com/sigilauth/relay/internal/push/apns/provider.go:80.53,82.4 1 0
github.com/sigilauth/relay/internal/push/apns/provider.go:83.3,83.76 1 0
github.com/sigilauth/relay/internal/push/apns/provider.go:86.2,86.12 1 0
github.com/sigilauth/relay/internal/push/apns/provider.go:90.38,92.2 1 3
github.com/sigilauth/relay/internal/handlers/push.go:24.119,25.14 1 5
github.com/sigilauth/relay/internal/handlers/push.go:25.14,26.106 1 1
github.com/sigilauth/relay/internal/handlers/push.go:29.2,34.3 1 4
github.com/sigilauth/relay/internal/handlers/push.go:37.73,38.33 1 4
github.com/sigilauth/relay/internal/handlers/push.go:38.33,41.3 2 0
github.com/sigilauth/relay/internal/handlers/push.go:43.2,44.61 2 4
github.com/sigilauth/relay/internal/handlers/push.go:44.61,47.3 2 0
github.com/sigilauth/relay/internal/handlers/push.go:49.2,52.59 2 4
github.com/sigilauth/relay/internal/handlers/push.go:52.59,55.3 2 0
github.com/sigilauth/relay/internal/handlers/push.go:57.2,58.82 2 4
github.com/sigilauth/relay/internal/handlers/push.go:58.82,61.3 2 2
github.com/sigilauth/relay/internal/handlers/push.go:64.2,65.16 2 2
github.com/sigilauth/relay/internal/handlers/push.go:65.16,68.3 2 0
github.com/sigilauth/relay/internal/handlers/push.go:70.2,70.22 1 2
github.com/sigilauth/relay/internal/handlers/push.go:70.22,73.3 2 1
github.com/sigilauth/relay/internal/handlers/push.go:76.2,77.16 2 1
github.com/sigilauth/relay/internal/handlers/push.go:77.16,80.3 2 0
github.com/sigilauth/relay/internal/handlers/push.go:83.2,83.76 1 1
github.com/sigilauth/relay/internal/handlers/push.go:83.76,85.31 1 0
github.com/sigilauth/relay/internal/handlers/push.go:85.31,90.4 3 0
github.com/sigilauth/relay/internal/handlers/push.go:93.3,97.9 3 0
github.com/sigilauth/relay/internal/handlers/push.go:101.2,112.33 5 1
github.com/sigilauth/relay/internal/handlers/push.go:117.42,124.2 2 0
github.com/sigilauth/relay/internal/handlers/push.go:126.38,129.2 1 0
github.com/sigilauth/relay/internal/handlers/register.go:21.57,23.2 1 3
github.com/sigilauth/relay/internal/handlers/register.go:25.77,26.33 1 3
github.com/sigilauth/relay/internal/handlers/register.go:26.33,29.3 2 0
github.com/sigilauth/relay/internal/handlers/register.go:31.2,32.61 2 3
github.com/sigilauth/relay/internal/handlers/register.go:32.61,35.3 2 0
github.com/sigilauth/relay/internal/handlers/register.go:38.2,38.61 1 3
github.com/sigilauth/relay/internal/handlers/register.go:38.61,41.3 2 1
github.com/sigilauth/relay/internal/handlers/register.go:44.2,45.16 2 2
github.com/sigilauth/relay/internal/handlers/register.go:45.16,48.3 2 1
github.com/sigilauth/relay/internal/handlers/register.go:51.2,51.31 1 1
github.com/sigilauth/relay/internal/handlers/register.go:51.31,54.3 2 0
github.com/sigilauth/relay/internal/handlers/register.go:57.2,63.16 5 1
github.com/sigilauth/relay/internal/handlers/register.go:63.16,66.3 2 0
github.com/sigilauth/relay/internal/handlers/register.go:67.2,71.98 3 1
github.com/sigilauth/relay/internal/handlers/register.go:71.98,74.3 2 0
github.com/sigilauth/relay/internal/handlers/register.go:77.2,86.33 4 1
github.com/sigilauth/relay/internal/handlers/register.go:89.74,98.2 3 5
github.com/sigilauth/relay/cmd/relay/main.go:21.13,26.24 4 0
github.com/sigilauth/relay/cmd/relay/main.go:26.24,28.3 1 0
github.com/sigilauth/relay/cmd/relay/main.go:30.2,31.16 2 0
github.com/sigilauth/relay/cmd/relay/main.go:31.16,33.3 1 0
github.com/sigilauth/relay/cmd/relay/main.go:35.2,39.23 3 0
github.com/sigilauth/relay/cmd/relay/main.go:39.23,41.17 2 0
github.com/sigilauth/relay/cmd/relay/main.go:41.17,43.4 1 0
github.com/sigilauth/relay/cmd/relay/main.go:44.3,46.46 3 0
github.com/sigilauth/relay/cmd/relay/main.go:47.8,50.3 2 0
github.com/sigilauth/relay/cmd/relay/main.go:53.2,70.64 9 0
github.com/sigilauth/relay/cmd/relay/main.go:70.64,73.3 2 0
github.com/sigilauth/relay/cmd/relay/main.go:76.2,94.12 8 0
github.com/sigilauth/relay/cmd/relay/main.go:94.12,102.43 6 0
github.com/sigilauth/relay/cmd/relay/main.go:102.43,104.4 1 0
github.com/sigilauth/relay/cmd/relay/main.go:105.3,105.14 1 0
github.com/sigilauth/relay/cmd/relay/main.go:108.2,109.76 2 0
github.com/sigilauth/relay/cmd/relay/main.go:109.76,111.3 1 0
github.com/sigilauth/relay/cmd/relay/main.go:113.2,114.39 2 0
github.com/sigilauth/relay/cmd/relay/main.go:117.46,118.42 1 0
github.com/sigilauth/relay/cmd/relay/main.go:118.42,120.3 1 0
github.com/sigilauth/relay/cmd/relay/main.go:121.2,121.21 1 0
github.com/sigilauth/relay/cmd/relay/main.go:127.86,130.2 2 0
github.com/sigilauth/relay/cmd/relay/main.go:132.42,134.2 1 0
github.com/sigilauth/relay/cmd/relay/main.go:139.91,142.2 2 0
github.com/sigilauth/relay/cmd/relay/main.go:143.91,145.2 1 0
github.com/sigilauth/relay/cmd/relay/main.go:146.77,146.91 1 0
github.com/sigilauth/relay/cmd/relay/main.go:147.77,147.91 1 0
github.com/sigilauth/relay/cmd/relay/main.go:148.77,148.91 1 0
github.com/sigilauth/relay/cmd/relay/main.go:149.96,151.2 1 0
github.com/sigilauth/relay/internal/ratelimit/ratelimit.go:18.43,23.2 1 3
github.com/sigilauth/relay/internal/ratelimit/ratelimit.go:27.50,30.2 2 107
github.com/sigilauth/relay/internal/ratelimit/ratelimit.go:34.45,36.2 1 1
github.com/sigilauth/relay/internal/verify/verify.go:18.72,20.16 2 4
github.com/sigilauth/relay/internal/verify/verify.go:20.16,22.3 1 1
github.com/sigilauth/relay/internal/verify/verify.go:24.2,24.24 1 3
github.com/sigilauth/relay/internal/verify/verify.go:24.24,26.3 1 1
github.com/sigilauth/relay/internal/verify/verify.go:28.2,29.14 2 2
github.com/sigilauth/relay/internal/verify/verify.go:29.14,31.3 1 0
github.com/sigilauth/relay/internal/verify/verify.go:33.2,39.52 2 2
github.com/sigilauth/relay/internal/verify/verify.go:44.78,46.16 2 7
github.com/sigilauth/relay/internal/verify/verify.go:46.16,48.3 1 1
github.com/sigilauth/relay/internal/verify/verify.go:50.2,50.25 1 6
github.com/sigilauth/relay/internal/verify/verify.go:50.25,52.3 1 1
github.com/sigilauth/relay/internal/verify/verify.go:54.2,62.26 5 5
github.com/sigilauth/relay/internal/verify/verify.go:62.26,64.3 1 1
github.com/sigilauth/relay/internal/verify/verify.go:66.2,68.48 2 4
github.com/sigilauth/relay/internal/verify/verify.go:68.48,70.3 1 2
github.com/sigilauth/relay/internal/verify/verify.go:72.2,72.12 1 2
github.com/sigilauth/relay/internal/push/fcm/provider.go:18.85,21.16 3 3
github.com/sigilauth/relay/internal/push/fcm/provider.go:21.16,23.3 1 0
github.com/sigilauth/relay/internal/push/fcm/provider.go:25.2,26.16 2 3
github.com/sigilauth/relay/internal/push/fcm/provider.go:26.16,28.3 1 1
github.com/sigilauth/relay/internal/push/fcm/provider.go:30.2,30.39 1 2
github.com/sigilauth/relay/internal/push/fcm/provider.go:34.88,43.16 3 0
github.com/sigilauth/relay/internal/push/fcm/provider.go:43.16,47.51 2 0
github.com/sigilauth/relay/internal/push/fcm/provider.go:47.51,49.4 1 0
github.com/sigilauth/relay/internal/push/fcm/provider.go:50.3,50.41 1 0
github.com/sigilauth/relay/internal/push/fcm/provider.go:53.2,54.12 2 0
github.com/sigilauth/relay/internal/push/fcm/provider.go:58.38,60.2 1 2
github.com/sigilauth/relay/internal/push/fcm/provider.go:62.38,65.2 1 5
github.com/sigilauth/relay/internal/store/pgx.go:17.77,19.16 2 0
github.com/sigilauth/relay/internal/store/pgx.go:19.16,21.3 1 0
github.com/sigilauth/relay/internal/store/pgx.go:24.2,24.39 1 0
github.com/sigilauth/relay/internal/store/pgx.go:24.39,27.3 2 0
github.com/sigilauth/relay/internal/store/pgx.go:29.2,29.35 1 0
github.com/sigilauth/relay/internal/store/pgx.go:33.28,35.2 1 0
github.com/sigilauth/relay/internal/store/pgx.go:38.99,51.16 3 0
github.com/sigilauth/relay/internal/store/pgx.go:51.16,53.3 1 0
github.com/sigilauth/relay/internal/store/pgx.go:55.2,55.12 1 0
github.com/sigilauth/relay/internal/store/pgx.go:59.99,83.16 5 0
github.com/sigilauth/relay/internal/store/pgx.go:83.16,84.45 1 0
github.com/sigilauth/relay/internal/store/pgx.go:84.45,86.4 1 0
github.com/sigilauth/relay/internal/store/pgx.go:87.3,87.52 1 0
github.com/sigilauth/relay/internal/store/pgx.go:90.2,92.17 2 0
github.com/sigilauth/relay/internal/store/pgx.go:96.78,100.16 3 0
github.com/sigilauth/relay/internal/store/pgx.go:100.16,102.3 1 0
github.com/sigilauth/relay/internal/store/pgx.go:104.2,104.12 1 0
github.com/sigilauth/relay/internal/store/pgx.go:108.85,116.16 3 0
github.com/sigilauth/relay/internal/store/pgx.go:116.16,118.3 1 0
github.com/sigilauth/relay/internal/store/pgx.go:120.2,120.12 1 0
github.com/sigilauth/relay/internal/store/pgx.go:124.81,133.16 3 0
github.com/sigilauth/relay/internal/store/pgx.go:133.16,135.3 1 0
github.com/sigilauth/relay/internal/store/pgx.go:137.2,137.12 1 0
github.com/sigilauth/relay/internal/store/pgx.go:141.111,150.16 3 0
github.com/sigilauth/relay/internal/store/pgx.go:150.16,152.3 1 0
github.com/sigilauth/relay/internal/store/pgx.go:153.2,156.18 3 0
github.com/sigilauth/relay/internal/store/pgx.go:156.18,158.40 2 0
github.com/sigilauth/relay/internal/store/pgx.go:158.40,160.4 1 0
github.com/sigilauth/relay/internal/store/pgx.go:161.3,161.42 1 0
github.com/sigilauth/relay/internal/store/pgx.go:164.2,164.35 1 0
github.com/sigilauth/relay/internal/store/pgx.go:164.35,166.3 1 0
github.com/sigilauth/relay/internal/store/pgx.go:168.2,168.26 1 0
